# JRE version: Java(TM) SE Runtime Environment (8.0_192-b12) (build 1.8.0_192-b12)
# Java VM: Java HotSpot(TM) 64-Bit Server VM (25.192-b12 mixed mode bsd-amd64 compressed oops)
Heap:
 PSYoungGen      total 78848K, used 5298K [0x000000076ab00000, 0x0000000771480000, 0x00000007c0000000)
  eden space 54784K, 7% used [0x000000076ab00000,0x000000076af14ac8,0x000000076e080000)
  from space 24064K, 4% used [0x000000076fa00000,0x000000076fb18030,0x0000000771180000)
  to   space 26112K, 0% used [0x000000076e080000,0x000000076e080000,0x000000076fa00000)
 ParOldGen       total 175104K, used 47667K [0x00000006c0000000, 0x00000006cab00000, 0x000000076ab00000)
  object space 175104K, 27% used [0x00000006c0000000,0x00000006c2e8cca8,0x00000006cab00000)
 Metaspace       used 19765K, capacity 20093K, committed 20224K, reserved 1067008K
  class space    used 1920K, capacity 2029K, committed 2048K, reserved 1048576K
GC Heap History (10 events):
Event: 51.981 GC heap before
{Heap before GC invocations=6 (full 0):
 PSYoungGen      total 74752K, used 74744K [0x000000076ab00000, 0x0000000770f80000, 0x00000007c0000000)
  eden space 64000K, 100% used [0x000000076ab00000,0x000000076e980000,0x000000076e980000)
  from space 10752K, 99% used [0x000000076eb00000,0x000000076f57e3d0,0x000000076f580000)
  to   space 19456K, 0% used [0x000000076fc80000,0x000000076fc80000,0x0000000770f80000)
 ParOldGen       total 175104K, used 18063K [0x00000006c0000000, 0x00000006cab00000, 0x000000076ab00000)
  object space 175104K, 10% used [0x00000006c0000000,0x00000006c11a3e58,0x00000006cab00000)
 Metaspace       used 19575K, capacity 19929K, committed 20224K, reserved 1067008K
  class space    used 1906K, capacity 1995K, committed 2048K, reserved 1048576K
Event: 51.988 GC heap after
Heap after GC invocations=6 (full 0):
 PSYoungGen      total 81408K, used 16467K [0x000000076ab00000, 0x0000000770f00000, 0x00000007c0000000)
  eden space 62464K, 0% used [0x000000076ab00000,0x000000076ab00000,0x000000076e800000)
  from space 18944K, 86% used [0x000000076fc80000,0x0000000770c94f40,0x0000000770f00000)
  to   space 19968K, 0% used [0x000000076e800000,0x000000076e800000,0x000000076fb80000)
 ParOldGen       total 175104K, used 18071K [0x00000006c0000000, 0x00000006cab00000, 0x000000076ab00000)
  object space 175104K, 10% used [0x00000006c0000000,0x00000006c11a5e58,0x00000006cab00000)
 Metaspace       used 19575K, capacity 19929K, committed 20224K, reserved 1067008K
  class space    used 1906K, capacity 1995K, committed 2048K, reserved 1048576K
}
Event: 57.632 GC heap before
{Heap before GC invocations=7 (full 0):
 PSYoungGen      total 81408K, used 78931K [0x000000076ab00000, 0x0000000770f00000, 0x00000007c0000000)
  eden space 62464K, 100% used [0x000000076ab00000,0x000000076e800000,0x000000076e800000)
  from space 18944K, 86% used [0x000000076fc80000,0x0000000770c94f40,0x0000000770f00000)
  to   space 19968K, 0% used [0x000000076e800000,0x000000076e800000,0x000000076fb80000)
 ParOldGen       total 175104K, used 18071K [0x00000006c0000000, 0x00000006cab00000, 0x000000076ab00000)
  object space 175104K, 10% used [0x00000006c0000000,0x00000006c11a5e58,0x00000006cab00000)
 Metaspace       used 19614K, capacity 19993K, committed 20224K, reserved 1067008K
  class space    used 1906K, capacity 1995K, committed 2048K, reserved 1048576K
Event: 57.639 GC heap after
Heap after GC invocations=7 (full 0):
 PSYoungGen      total 78848K, used 17393K [0x000000076ab00000, 0x0000000770f00000, 0x00000007c0000000)
  eden space 61440K, 0% used [0x000000076ab00000,0x000000076ab00000,0x000000076e700000)
  from space 17408K, 99% used [0x000000076e800000,0x000000076f8fc440,0x000000076f900000)
  to   space 20480K, 0% used [0x000000076fb00000,0x000000076fb00000,0x0000000770f00000)
 ParOldGen       total 175104K, used 23737K [0x00000006c0000000, 0x00000006cab00000, 0x000000076ab00000)
  object space 175104K, 13% used [0x00000006c0000000,0x00000006c172e638,0x00000006cab00000)
 Metaspace       used 19614K, capacity 19993K, committed 20224K, reserved 1067008K
  class space    used 1906K, capacity 1995K, committed 2048K, reserved 1048576K
}
Event: 62.468 GC heap before
{Heap before GC invocations=8 (full 0):
 PSYoungGen      total 78848K, used 78833K [0x000000076ab00000, 0x0000000770f00000, 0x00000007c0000000)
  eden space 61440K, 100% used [0x000000076ab00000,0x000000076e700000,0x000000076e700000)
  from space 17408K, 99% used [0x000000076e800000,0x000000076f8fc440,0x000000076f900000)
  to   space 20480K, 0% used [0x000000076fb00000,0x000000076fb00000,0x0000000770f00000)
 ParOldGen       total 175104K, used 23737K [0x00000006c0000000, 0x00000006cab00000, 0x000000076ab00000)
  object space 175104K, 13% used [0x00000006c0000000,0x00000006c172e638,0x00000006cab00000)
 Metaspace       used 19693K, capacity 20057K, committed 20224K, reserved 1067008K
  class space    used 1906K, capacity 1995K, committed 2048K, reserved 1048576K
Event: 62.474 GC heap after
Heap after GC invocations=8 (full 0):
 PSYoungGen      total 78336K, used 20449K [0x000000076ab00000, 0x0000000771500000, 0x00000007c0000000)
  eden space 57856K, 0% used [0x000000076ab00000,0x000000076ab00000,0x000000076e380000)
  from space 20480K, 99% used [0x000000076fb00000,0x0000000770ef84e0,0x0000000770f00000)
  to   space 24064K, 0% used [0x000000076e380000,0x000000076e380000,0x000000076fb00000)
 ParOldGen       total 175104K, used 28153K [0x00000006c0000000, 0x00000006cab00000, 0x000000076ab00000)
  object space 175104K, 16% used [0x00000006c0000000,0x00000006c1b7e7f8,0x00000006cab00000)
 Metaspace       used 19693K, capacity 20057K, committed 20224K, reserved 1067008K
  class space    used 1906K, capacity 1995K, committed 2048K, reserved 1048576K
}
Event: 79.645 GC heap before
{Heap before GC invocations=9 (full 0):
 PSYoungGen      total 78336K, used 78305K [0x000000076ab00000, 0x0000000771500000, 0x00000007c0000000)
  eden space 57856K, 100% used [0x000000076ab00000,0x000000076e380000,0x000000076e380000)
  from space 20480K, 99% used [0x000000076fb00000,0x0000000770ef84e0,0x0000000770f00000)
  to   space 24064K, 0% used [0x000000076e380000,0x000000076e380000,0x000000076fb00000)
 ParOldGen       total 175104K, used 28153K [0x00000006c0000000, 0x00000006cab00000, 0x000000076ab00000)
  object space 175104K, 16% used [0x00000006c0000000,0x00000006c1b7e7f8,0x00000006cab00000)
 Metaspace       used 19697K, capacity 20057K, committed 20224K, reserved 1067008K
  class space    used 1907K, capacity 1995K, committed 2048K, reserved 1048576K
Event: 79.651 GC heap after
Heap after GC invocations=9 (full 0):
 PSYoungGen      total 68096K, used 11136K [0x000000076ab00000, 0x0000000771180000, 0x00000007c0000000)
  eden space 56832K, 0% used [0x000000076ab00000,0x000000076ab00000,0x000000076e280000)
  from space 11264K, 98% used [0x000000076e380000,0x000000076ee602a0,0x000000076ee80000)
  to   space 24064K, 0% used [0x000000076fa00000,0x000000076fa00000,0x0000000771180000)
 ParOldGen       total 175104K, used 37562K [0x00000006c0000000, 0x00000006cab00000, 0x000000076ab00000)
  object space 175104K, 21% used [0x00000006c0000000,0x00000006c24aea38,0x00000006cab00000)
 Metaspace       used 19697K, capacity 20057K, committed 20224K, reserved 1067008K
  class space    used 1907K, capacity 1995K, committed 2048K, reserved 1048576K
}
Event: 98.261 GC heap before
{Heap before GC invocations=10 (full 0):
 PSYoungGen      total 68096K, used 67968K [0x000000076ab00000, 0x0000000771180000, 0x00000007c0000000)
  eden space 56832K, 100% used [0x000000076ab00000,0x000000076e280000,0x000000076e280000)
  from space 11264K, 98% used [0x000000076e380000,0x000000076ee602a0,0x000000076ee80000)
  to   space 24064K, 0% used [0x000000076fa00000,0x000000076fa00000,0x0000000771180000)
 ParOldGen       total 175104K, used 37562K [0x00000006c0000000, 0x00000006cab00000, 0x000000076ab00000)
  object space 175104K, 21% used [0x00000006c0000000,0x00000006c24aea38,0x00000006cab00000)
 Metaspace       used 19697K, capacity 20057K, committed 20224K, reserved 1067008K
  class space    used 1907K, capacity 1995K, committed 2048K, reserved 1048576K
Event: 98.266 GC heap after
Heap after GC invocations=10 (full 0):
 PSYoungGen      total 78848K, used 1120K [0x000000076ab00000, 0x0000000771480000, 0x00000007c0000000)
  eden space 54784K, 0% used [0x000000076ab00000,0x000000076ab00000,0x000000076e080000)
  from space 24064K, 4% used [0x000000076fa00000,0x000000076fb18030,0x0000000771180000)
  to   space 26112K, 0% used [0x000000076e080000,0x000000076e080000,0x000000076fa00000)
 ParOldGen       total 175104K, used 47667K [0x00000006c0000000, 0x00000006cab00000, 0x000000076ab00000)
  object space 175104K, 27% used [0x00000006c0000000,0x00000006c2e8cca8,0x00000006cab00000)
 Metaspace       used 19697K, capacity 20057K, committed 20224K, reserved 1067008K
  class space    used 1907K, capacity 1995K, committed 2048K, reserved 1048576K
}

