# JRE version: Java(TM) SE Runtime Environment (8.0_192-b12) (build 1.8.0_192-b12)
# Java VM: Java HotSpot(TM) 64-Bit Server VM (25.192-b12 mixed mode bsd-amd64 compressed oops)
Heap:
 PSYoungGen      total 193024K, used 116629K [0x000000076ab00000, 0x000000077d280000, 0x00000007c0000000)
  eden space 170496K, 55% used [0x000000076ab00000,0x00000007706eab48,0x0000000775180000)
  from space 22528K, 99% used [0x0000000775180000,0x000000077677a9e0,0x0000000776780000)
  to   space 25600K, 0% used [0x000000077b980000,0x000000077b980000,0x000000077d280000)
 ParOldGen       total 107520K, used 32091K [0x00000006c0000000, 0x00000006c6900000, 0x000000076ab00000)
  object space 107520K, 29% used [0x00000006c0000000,0x00000006c1f56d10,0x00000006c6900000)
 Metaspace       used 28637K, capacity 29017K, committed 29312K, reserved 1077248K
  class space    used 2249K, capacity 2346K, committed 2432K, reserved 1048576K
GC Heap History (10 events):
Event: 5.533 GC heap before
{Heap before GC invocations=4 (full 1):
 PSYoungGen      total 76288K, used 65387K [0x000000076ab00000, 0x0000000774000000, 0x00000007c0000000)
  eden space 65536K, 99% used [0x000000076ab00000,0x000000076eadac98,0x000000076eb00000)
  from space 10752K, 0% used [0x000000076f580000,0x000000076f580000,0x0000000770000000)
  to   space 10752K, 0% used [0x000000076eb00000,0x000000076eb00000,0x000000076f580000)
 ParOldGen       total 107520K, used 17550K [0x00000006c0000000, 0x00000006c6900000, 0x000000076ab00000)
  object space 107520K, 16% used [0x00000006c0000000,0x00000006c11238c8,0x00000006c6900000)
 Metaspace       used 27219K, capacity 27567K, committed 28032K, reserved 1075200K
  class space    used 2195K, capacity 2311K, committed 2432K, reserved 1048576K
Event: 5.537 GC heap after
Heap after GC invocations=4 (full 1):
 PSYoungGen      total 76288K, used 10623K [0x000000076ab00000, 0x0000000772d00000, 0x00000007c0000000)
  eden space 65536K, 0% used [0x000000076ab00000,0x000000076ab00000,0x000000076eb00000)
  from space 10752K, 98% used [0x000000076eb00000,0x000000076f55fde8,0x000000076f580000)
  to   space 10752K, 0% used [0x0000000772280000,0x0000000772280000,0x0000000772d00000)
 ParOldGen       total 107520K, used 17558K [0x00000006c0000000, 0x00000006c6900000, 0x000000076ab00000)
  object space 107520K, 16% used [0x00000006c0000000,0x00000006c11258c8,0x00000006c6900000)
 Metaspace       used 27219K, capacity 27567K, committed 28032K, reserved 1075200K
  class space    used 2195K, capacity 2311K, committed 2432K, reserved 1048576K
}
Event: 8.570 GC heap before
{Heap before GC invocations=5 (full 1):
 PSYoungGen      total 76288K, used 76159K [0x000000076ab00000, 0x0000000772d00000, 0x00000007c0000000)
  eden space 65536K, 100% used [0x000000076ab00000,0x000000076eb00000,0x000000076eb00000)
  from space 10752K, 98% used [0x000000076eb00000,0x000000076f55fde8,0x000000076f580000)
  to   space 10752K, 0% used [0x0000000772280000,0x0000000772280000,0x0000000772d00000)
 ParOldGen       total 107520K, used 17558K [0x00000006c0000000, 0x00000006c6900000, 0x000000076ab00000)
  object space 107520K, 16% used [0x00000006c0000000,0x00000006c11258c8,0x00000006c6900000)
 Metaspace       used 27606K, capacity 27951K, committed 28288K, reserved 1075200K
  class space    used 2196K, capacity 2311K, committed 2432K, reserved 1048576K
Event: 8.576 GC heap after
Heap after GC invocations=5 (full 1):
 PSYoungGen      total 118784K, used 10731K [0x000000076ab00000, 0x0000000772d00000, 0x00000007c0000000)
  eden space 108032K, 0% used [0x000000076ab00000,0x000000076ab00000,0x0000000771480000)
  from space 10752K, 99% used [0x0000000772280000,0x0000000772cfad08,0x0000000772d00000)
  to   space 10752K, 0% used [0x0000000771800000,0x0000000771800000,0x0000000772280000)
 ParOldGen       total 107520K, used 21402K [0x00000006c0000000, 0x00000006c6900000, 0x000000076ab00000)
  object space 107520K, 19% used [0x00000006c0000000,0x00000006c14e6920,0x00000006c6900000)
 Metaspace       used 27606K, capacity 27951K, committed 28288K, reserved 1075200K
  class space    used 2196K, capacity 2311K, committed 2432K, reserved 1048576K
}
Event: 12.855 GC heap before
{Heap before GC invocations=6 (full 1):
 PSYoungGen      total 118784K, used 118763K [0x000000076ab00000, 0x0000000772d00000, 0x00000007c0000000)
  eden space 108032K, 100% used [0x000000076ab00000,0x0000000771480000,0x0000000771480000)
  from space 10752K, 99% used [0x0000000772280000,0x0000000772cfad08,0x0000000772d00000)
  to   space 10752K, 0% used [0x0000000771800000,0x0000000771800000,0x0000000772280000)
 ParOldGen       total 107520K, used 21402K [0x00000006c0000000, 0x00000006c6900000, 0x000000076ab00000)
  object space 107520K, 19% used [0x00000006c0000000,0x00000006c14e6920,0x00000006c6900000)
 Metaspace       used 28174K, capacity 28527K, committed 28800K, reserved 1075200K
  class space    used 2217K, capacity 2311K, committed 2432K, reserved 1048576K
Event: 12.866 GC heap after
Heap after GC invocations=6 (full 1):
 PSYoungGen      total 122368K, used 10730K [0x000000076ab00000, 0x0000000777c00000, 0x00000007c0000000)
  eden space 111616K, 0% used [0x000000076ab00000,0x000000076ab00000,0x0000000771800000)
  from space 10752K, 99% used [0x0000000771800000,0x000000077227ab68,0x0000000772280000)
  to   space 20992K, 0% used [0x0000000776780000,0x0000000776780000,0x0000000777c00000)
 ParOldGen       total 107520K, used 27979K [0x00000006c0000000, 0x00000006c6900000, 0x000000076ab00000)
  object space 107520K, 26% used [0x00000006c0000000,0x00000006c1b52c10,0x00000006c6900000)
 Metaspace       used 28174K, capacity 28527K, committed 28800K, reserved 1075200K
  class space    used 2217K, capacity 2311K, committed 2432K, reserved 1048576K
}
Event: 18.790 GC heap before
{Heap before GC invocations=7 (full 1):
 PSYoungGen      total 122368K, used 122346K [0x000000076ab00000, 0x0000000777c00000, 0x00000007c0000000)
  eden space 111616K, 100% used [0x000000076ab00000,0x0000000771800000,0x0000000771800000)
  from space 10752K, 99% used [0x0000000771800000,0x000000077227ab68,0x0000000772280000)
  to   space 20992K, 0% used [0x0000000776780000,0x0000000776780000,0x0000000777c00000)
 ParOldGen       total 107520K, used 27979K [0x00000006c0000000, 0x00000006c6900000, 0x000000076ab00000)
  object space 107520K, 26% used [0x00000006c0000000,0x00000006c1b52c10,0x00000006c6900000)
 Metaspace       used 28349K, capacity 28655K, committed 29056K, reserved 1075200K
  class space    used 2218K, capacity 2311K, committed 2432K, reserved 1048576K
Event: 18.800 GC heap after
Heap after GC invocations=7 (full 1):
 PSYoungGen      total 191488K, used 18699K [0x000000076ab00000, 0x0000000777e80000, 0x00000007c0000000)
  eden space 170496K, 0% used [0x000000076ab00000,0x000000076ab00000,0x0000000775180000)
  from space 20992K, 89% used [0x0000000776780000,0x00000007779c2d68,0x0000000777c00000)
  to   space 22528K, 0% used [0x0000000775180000,0x0000000775180000,0x0000000776780000)
 ParOldGen       total 107520K, used 27987K [0x00000006c0000000, 0x00000006c6900000, 0x000000076ab00000)
  object space 107520K, 26% used [0x00000006c0000000,0x00000006c1b54c10,0x00000006c6900000)
 Metaspace       used 28349K, capacity 28655K, committed 29056K, reserved 1075200K
  class space    used 2218K, capacity 2311K, committed 2432K, reserved 1048576K
}
Event: 30.290 GC heap before
{Heap before GC invocations=8 (full 1):
 PSYoungGen      total 191488K, used 189195K [0x000000076ab00000, 0x0000000777e80000, 0x00000007c0000000)
  eden space 170496K, 100% used [0x000000076ab00000,0x0000000775180000,0x0000000775180000)
  from space 20992K, 89% used [0x0000000776780000,0x00000007779c2d68,0x0000000777c00000)
  to   space 22528K, 0% used [0x0000000775180000,0x0000000775180000,0x0000000776780000)
 ParOldGen       total 107520K, used 27987K [0x00000006c0000000, 0x00000006c6900000, 0x000000076ab00000)
  object space 107520K, 26% used [0x00000006c0000000,0x00000006c1b54c10,0x00000006c6900000)
 Metaspace       used 28513K, capacity 28885K, committed 29312K, reserved 1077248K
  class space    used 2235K, capacity 2344K, committed 2432K, reserved 1048576K
Event: 30.301 GC heap after
Heap after GC invocations=8 (full 1):
 PSYoungGen      total 193024K, used 22506K [0x000000076ab00000, 0x000000077d280000, 0x00000007c0000000)
  eden space 170496K, 0% used [0x000000076ab00000,0x000000076ab00000,0x0000000775180000)
  from space 22528K, 99% used [0x0000000775180000,0x000000077677a9e0,0x0000000776780000)
  to   space 25600K, 0% used [0x000000077b980000,0x000000077b980000,0x000000077d280000)
 ParOldGen       total 107520K, used 32091K [0x00000006c0000000, 0x00000006c6900000, 0x000000076ab00000)
  object space 107520K, 29% used [0x00000006c0000000,0x00000006c1f56d10,0x00000006c6900000)
 Metaspace       used 28513K, capacity 28885K, committed 29312K, reserved 1077248K
  class space    used 2235K, capacity 2344K, committed 2432K, reserved 1048576K
}

