# JRE version: Java(TM) SE Runtime Environment (8.0_192-b12) (build 1.8.0_192-b12)
# Java VM: Java HotSpot(TM) 64-Bit Server VM (25.192-b12 mixed mode bsd-amd64 compressed oops)
Heap:
 PSYoungGen      total 175616K, used 124952K [0x000000076ab00000, 0x0000000777780000, 0x00000007c0000000)
  eden space 152576K, 67% used [0x000000076ab00000,0x0000000770fc3380,0x0000000774000000)
  from space 23040K, 94% used [0x0000000775980000,0x0000000776ec2e40,0x0000000777000000)
  to   space 26112K, 0% used [0x0000000774000000,0x0000000774000000,0x0000000775980000)
 ParOldGen       total 92160K, used 27138K [0x00000006c0000000, 0x00000006c5a00000, 0x000000076ab00000)
  object space 92160K, 29% used [0x00000006c0000000,0x00000006c1a80ac8,0x00000006c5a00000)
 Metaspace       used 25155K, capacity 25535K, committed 25984K, reserved 1073152K
  class space    used 2460K, capacity 2594K, committed 2688K, reserved 1048576K
GC Heap History (10 events):
Event: 3.118 GC heap before
{Heap before GC invocations=3 (full 1):
 PSYoungGen      total 76288K, used 7370K [0x000000076ab00000, 0x0000000774000000, 0x00000007c0000000)
  eden space 65536K, 0% used [0x000000076ab00000,0x000000076ab00000,0x000000076eb00000)
  from space 10752K, 68% used [0x000000076f580000,0x000000076fcb28f0,0x0000000770000000)
  to   space 10752K, 0% used [0x000000076eb00000,0x000000076eb00000,0x000000076f580000)
 ParOldGen       total 175104K, used 24K [0x00000006c0000000, 0x00000006cab00000, 0x000000076ab00000)
  object space 175104K, 0% used [0x00000006c0000000,0x00000006c0006000,0x00000006cab00000)
 Metaspace       used 20741K, capacity 21163K, committed 21248K, reserved 1069056K
  class space    used 2154K, capacity 2296K, committed 2304K, reserved 1048576K
Event: 3.139 GC heap after
Heap after GC invocations=3 (full 1):
 PSYoungGen      total 76288K, used 0K [0x000000076ab00000, 0x0000000774000000, 0x00000007c0000000)
  eden space 65536K, 0% used [0x000000076ab00000,0x000000076ab00000,0x000000076eb00000)
  from space 10752K, 0% used [0x000000076f580000,0x000000076f580000,0x0000000770000000)
  to   space 10752K, 0% used [0x000000076eb00000,0x000000076eb00000,0x000000076f580000)
 ParOldGen       total 92160K, used 7138K [0x00000006c0000000, 0x00000006c5a00000, 0x000000076ab00000)
  object space 92160K, 7% used [0x00000006c0000000,0x00000006c06f88c0,0x00000006c5a00000)
 Metaspace       used 20741K, capacity 21163K, committed 21248K, reserved 1069056K
  class space    used 2154K, capacity 2296K, committed 2304K, reserved 1048576K
}
Event: 12.594 GC heap before
{Heap before GC invocations=4 (full 1):
 PSYoungGen      total 76288K, used 65536K [0x000000076ab00000, 0x0000000774000000, 0x00000007c0000000)
  eden space 65536K, 100% used [0x000000076ab00000,0x000000076eb00000,0x000000076eb00000)
  from space 10752K, 0% used [0x000000076f580000,0x000000076f580000,0x0000000770000000)
  to   space 10752K, 0% used [0x000000076eb00000,0x000000076eb00000,0x000000076f580000)
 ParOldGen       total 92160K, used 7138K [0x00000006c0000000, 0x00000006c5a00000, 0x000000076ab00000)
  object space 92160K, 7% used [0x00000006c0000000,0x00000006c06f88c0,0x00000006c5a00000)
 Metaspace       used 24416K, capacity 24795K, committed 25088K, reserved 1071104K
  class space    used 2446K, capacity 2560K, committed 2560K, reserved 1048576K
Event: 12.598 GC heap after
Heap after GC invocations=4 (full 1):
 PSYoungGen      total 76288K, used 10746K [0x000000076ab00000, 0x0000000772800000, 0x00000007c0000000)
  eden space 65536K, 0% used [0x000000076ab00000,0x000000076ab00000,0x000000076eb00000)
  from space 10752K, 99% used [0x000000076eb00000,0x000000076f57eba0,0x000000076f580000)
  to   space 10752K, 0% used [0x0000000771d80000,0x0000000771d80000,0x0000000772800000)
 ParOldGen       total 92160K, used 10081K [0x00000006c0000000, 0x00000006c5a00000, 0x000000076ab00000)
  object space 92160K, 10% used [0x00000006c0000000,0x00000006c09d8698,0x00000006c5a00000)
 Metaspace       used 24416K, capacity 24795K, committed 25088K, reserved 1071104K
  class space    used 2446K, capacity 2560K, committed 2560K, reserved 1048576K
}
Event: 17.891 GC heap before
{Heap before GC invocations=5 (full 1):
 PSYoungGen      total 76288K, used 76282K [0x000000076ab00000, 0x0000000772800000, 0x00000007c0000000)
  eden space 65536K, 100% used [0x000000076ab00000,0x000000076eb00000,0x000000076eb00000)
  from space 10752K, 99% used [0x000000076eb00000,0x000000076f57eba0,0x000000076f580000)
  to   space 10752K, 0% used [0x0000000771d80000,0x0000000771d80000,0x0000000772800000)
 ParOldGen       total 92160K, used 10081K [0x00000006c0000000, 0x00000006c5a00000, 0x000000076ab00000)
  object space 92160K, 10% used [0x00000006c0000000,0x00000006c09d8698,0x00000006c5a00000)
 Metaspace       used 24817K, capacity 25243K, committed 25600K, reserved 1073152K
  class space    used 2447K, capacity 2560K, committed 2560K, reserved 1048576K
Event: 17.897 GC heap after
Heap after GC invocations=5 (full 1):
 PSYoungGen      total 113152K, used 10746K [0x000000076ab00000, 0x0000000772800000, 0x00000007c0000000)
  eden space 102400K, 0% used [0x000000076ab00000,0x000000076ab00000,0x0000000770f00000)
  from space 10752K, 99% used [0x0000000771d80000,0x00000007727fe950,0x0000000772800000)
  to   space 10752K, 0% used [0x0000000771300000,0x0000000771300000,0x0000000771d80000)
 ParOldGen       total 92160K, used 13929K [0x00000006c0000000, 0x00000006c5a00000, 0x000000076ab00000)
  object space 92160K, 15% used [0x00000006c0000000,0x00000006c0d9a788,0x00000006c5a00000)
 Metaspace       used 24817K, capacity 25243K, committed 25600K, reserved 1073152K
  class space    used 2447K, capacity 2560K, committed 2560K, reserved 1048576K
}
Event: 20.900 GC heap before
{Heap before GC invocations=6 (full 1):
 PSYoungGen      total 113152K, used 113146K [0x000000076ab00000, 0x0000000772800000, 0x00000007c0000000)
  eden space 102400K, 100% used [0x000000076ab00000,0x0000000770f00000,0x0000000770f00000)
  from space 10752K, 99% used [0x0000000771d80000,0x00000007727fe950,0x0000000772800000)
  to   space 10752K, 0% used [0x0000000771300000,0x0000000771300000,0x0000000771d80000)
 ParOldGen       total 92160K, used 13929K [0x00000006c0000000, 0x00000006c5a00000, 0x000000076ab00000)
  object space 92160K, 15% used [0x00000006c0000000,0x00000006c0d9a788,0x00000006c5a00000)
 Metaspace       used 24950K, capacity 25371K, committed 25600K, reserved 1073152K
  class space    used 2447K, capacity 2560K, committed 2560K, reserved 1048576K
Event: 20.911 GC heap after
Heap after GC invocations=6 (full 1):
 PSYoungGen      total 117248K, used 10747K [0x000000076ab00000, 0x0000000777000000, 0x00000007c0000000)
  eden space 106496K, 0% used [0x000000076ab00000,0x000000076ab00000,0x0000000771300000)
  from space 10752K, 99% used [0x0000000771300000,0x0000000771d7ee10,0x0000000771d80000)
  to   space 23040K, 0% used [0x0000000775980000,0x0000000775980000,0x0000000777000000)
 ParOldGen       total 92160K, used 27130K [0x00000006c0000000, 0x00000006c5a00000, 0x000000076ab00000)
  object space 92160K, 29% used [0x00000006c0000000,0x00000006c1a7eac8,0x00000006c5a00000)
 Metaspace       used 24950K, capacity 25371K, committed 25600K, reserved 1073152K
  class space    used 2447K, capacity 2560K, committed 2560K, reserved 1048576K
}
Event: 25.910 GC heap before
{Heap before GC invocations=7 (full 1):
 PSYoungGen      total 117248K, used 117243K [0x000000076ab00000, 0x0000000777000000, 0x00000007c0000000)
  eden space 106496K, 100% used [0x000000076ab00000,0x0000000771300000,0x0000000771300000)
  from space 10752K, 99% used [0x0000000771300000,0x0000000771d7ee10,0x0000000771d80000)
  to   space 23040K, 0% used [0x0000000775980000,0x0000000775980000,0x0000000777000000)
 ParOldGen       total 92160K, used 27130K [0x00000006c0000000, 0x00000006c5a00000, 0x000000076ab00000)
  object space 92160K, 29% used [0x00000006c0000000,0x00000006c1a7eac8,0x00000006c5a00000)
 Metaspace       used 25014K, capacity 25435K, committed 25600K, reserved 1073152K
  class space    used 2447K, capacity 2560K, committed 2560K, reserved 1048576K
Event: 25.923 GC heap after
Heap after GC invocations=7 (full 1):
 PSYoungGen      total 175616K, used 21771K [0x000000076ab00000, 0x0000000777780000, 0x00000007c0000000)
  eden space 152576K, 0% used [0x000000076ab00000,0x000000076ab00000,0x0000000774000000)
  from space 23040K, 94% used [0x0000000775980000,0x0000000776ec2e40,0x0000000777000000)
  to   space 26112K, 0% used [0x0000000774000000,0x0000000774000000,0x0000000775980000)
 ParOldGen       total 92160K, used 27138K [0x00000006c0000000, 0x00000006c5a00000, 0x000000076ab00000)
  object space 92160K, 29% used [0x00000006c0000000,0x00000006c1a80ac8,0x00000006c5a00000)
 Metaspace       used 25014K, capacity 25435K, committed 25600K, reserved 1073152K
  class space    used 2447K, capacity 2560K, committed 2560K, reserved 1048576K
}

